Start testing: Dec 26 16:55 EST
----------------------------------------------------------
1/7 Testing: GenomeTest
1/7 Test: GenomeTest
Command: "/home/harish/Downloads/GA_solver/build/test_genome"
Directory: /home/harish/Downloads/GA_solver/build
"GenomeTest" start time: Dec 26 16:55 EST
Output:
----------------------------------------------------------
I reached here!
reached evaluate in population
Chromosome: 3 0 4 1 2 | Fitness: 0.190744
Fitness: 0.190744
Test Passed: Fitness calculated correctly.
<end of output>
Test time =   0.81 sec
----------------------------------------------------------
Test Passed.
"GenomeTest" end time: Dec 26 16:55 EST
"GenomeTest" time elapsed: 00:00:00
----------------------------------------------------------

2/7 Testing: PopulationTest
2/7 Test: PopulationTest
Command: "/home/harish/Downloads/GA_solver/build/test_population"
Directory: /home/harish/Downloads/GA_solver/build
"PopulationTest" start time: Dec 26 16:55 EST
Output:
----------------------------------------------------------
Initial Population:
===============================================================================pop================================================================================
1 3 0 4 2 | Fitness: 0

Population size test passed!
<end of output>
Test time =   0.71 sec
----------------------------------------------------------
Test Passed.
"PopulationTest" end time: Dec 26 16:55 EST
"PopulationTest" time elapsed: 00:00:00
----------------------------------------------------------

3/7 Testing: CostMatrix
3/7 Test: CostMatrix
Command: "/home/harish/Downloads/GA_solver/build/test_cost_matrix"
Directory: /home/harish/Downloads/GA_solver/build
"CostMatrix" start time: Dec 26 16:55 EST
Output:
----------------------------------------------------------
Row 0: 0 5 10 
Row 1: 5 0 5 
Row 2: 10 5 0 

Cost Matrix Test Passed!
<end of output>
Test time =   0.73 sec
----------------------------------------------------------
Test Passed.
"CostMatrix" end time: Dec 26 16:55 EST
"CostMatrix" time elapsed: 00:00:00
----------------------------------------------------------

4/7 Testing: FitnessEvaluatorTest
4/7 Test: FitnessEvaluatorTest
Command: "/home/harish/Downloads/GA_solver/build/test_fitness_evaluator"
Directory: /home/harish/Downloads/GA_solver/build
"FitnessEvaluatorTest" start time: Dec 26 16:55 EST
Output:
----------------------------------------------------------
I reached here!
Initial Population:
===============================================================================pop================================================================================
4 1 3 2 0 | Fitness: 0

reached evaluate in population
Population after fitness evaluation:
===============================================================================pop================================================================================
4 1 3 2 0 | Fitness: 0.226541

Fitness evaluation test passed!
<end of output>
Test time =   0.70 sec
----------------------------------------------------------
Test Passed.
"FitnessEvaluatorTest" end time: Dec 26 16:55 EST
"FitnessEvaluatorTest" time elapsed: 00:00:00
----------------------------------------------------------

5/7 Testing: ParentSelectionTest
5/7 Test: ParentSelectionTest
Command: "/home/harish/Downloads/GA_solver/build/test_parent_selection"
Directory: /home/harish/Downloads/GA_solver/build
"ParentSelectionTest" start time: Dec 26 16:55 EST
Output:
----------------------------------------------------------
I reached here!
reached evaluate in population
Parent Selection Test Passed!
0 2 3 1 4 | Fitness: 0.226541
Fitness: 0.226541
0 2 3 1 4 | Fitness: 0.226541
Fitness: 0.226541
2 3 4 1 0 | Fitness: 0.226541
Fitness: 0.226541
0 1 2 3 4 | Fitness: 0.207107
Fitness: 0.207107
<end of output>
Test time =   0.73 sec
----------------------------------------------------------
Test Passed.
"ParentSelectionTest" end time: Dec 26 16:55 EST
"ParentSelectionTest" time elapsed: 00:00:00
----------------------------------------------------------

6/7 Testing: CrossoverTest
6/7 Test: CrossoverTest
Command: "/home/harish/Downloads/GA_solver/build/test_crossover"
Directory: /home/harish/Downloads/GA_solver/build
"CrossoverTest" start time: Dec 26 16:55 EST
Output:
----------------------------------------------------------
test_crossover: /home/harish/Downloads/GA_solver/tests/test_crossover.cu:50: void testOrderCrossover(): Assertion `offspring[1].getChromosome() == expectedOffspring2' failed.
<end of output>
Test time =   0.85 sec
----------------------------------------------------------
Test Failed.
"CrossoverTest" end time: Dec 26 16:55 EST
"CrossoverTest" time elapsed: 00:00:00
----------------------------------------------------------

7/7 Testing: MutationTest
7/7 Test: MutationTest
Command: "/home/harish/Downloads/GA_solver/build/test_mutation"
Directory: /home/harish/Downloads/GA_solver/build
"MutationTest" start time: Dec 26 16:55 EST
Output:
----------------------------------------------------------
Applying mutation
Mutation Test Passed!
<end of output>
Test time =   0.73 sec
----------------------------------------------------------
Test Passed.
"MutationTest" end time: Dec 26 16:55 EST
"MutationTest" time elapsed: 00:00:00
----------------------------------------------------------

End testing: Dec 26 16:55 EST
